<?xml version="1.0" encoding="UTF-8"?>
<testng-results ignored="0" total="3" passed="3" failed="0" skipped="0">
  <reporter-output>
  </reporter-output>
  <suite started-at="2024-01-29T19:33:09 SAST" name="Default suite" finished-at="2024-01-29T19:34:06 SAST" duration-ms="56604">
    <groups>
    </groups>
    <test started-at="2024-01-29T19:33:09 SAST" name="Default test" finished-at="2024-01-29T19:34:06 SAST" duration-ms="56604">
      <class name="comtest.SeleniumTest">
        <test-method is-config="true" signature="setup()[pri:0, instance:comtest.SeleniumTest@6283d8b8]" started-at="2024-01-29T19:33:09 SAST" name="setup" finished-at="2024-01-29T19:33:24 SAST" duration-ms="14781" status="PASS">
          <reporter-output>
          </reporter-output>
        </test-method> <!-- setup -->
        <test-method signature="firstTest()[pri:0, instance:comtest.SeleniumTest@6283d8b8]" started-at="2024-01-29T19:33:24 SAST" name="firstTest" finished-at="2024-01-29T19:33:24 SAST" duration-ms="4" status="PASS">
          <reporter-output>
          </reporter-output>
        </test-method> <!-- firstTest -->
        <test-method is-config="true" signature="tearDown()[pri:0, instance:comtest.SeleniumTest@6283d8b8]" started-at="2024-01-29T19:33:24 SAST" name="tearDown" finished-at="2024-01-29T19:33:24 SAST" duration-ms="493" status="PASS">
          <reporter-output>
          </reporter-output>
        </test-method> <!-- tearDown -->
        <test-method is-config="true" signature="setup()[pri:0, instance:comtest.SeleniumTest@6283d8b8]" started-at="2024-01-29T19:33:24 SAST" name="setup" finished-at="2024-01-29T19:33:36 SAST" duration-ms="11730" status="PASS">
          <reporter-output>
          </reporter-output>
        </test-method> <!-- setup -->
        <test-method signature="secondTest()[pri:0, instance:comtest.SeleniumTest@6283d8b8]" started-at="2024-01-29T19:33:36 SAST" name="secondTest" finished-at="2024-01-29T19:33:36 SAST" duration-ms="2" status="PASS">
          <reporter-output>
          </reporter-output>
        </test-method> <!-- secondTest -->
        <test-method is-config="true" signature="tearDown()[pri:0, instance:comtest.SeleniumTest@6283d8b8]" started-at="2024-01-29T19:33:36 SAST" name="tearDown" finished-at="2024-01-29T19:33:36 SAST" duration-ms="420" status="PASS">
          <reporter-output>
          </reporter-output>
        </test-method> <!-- tearDown -->
        <test-method is-config="true" signature="setup()[pri:0, instance:comtest.SeleniumTest@6283d8b8]" started-at="2024-01-29T19:33:36 SAST" name="setup" finished-at="2024-01-29T19:34:05 SAST" duration-ms="28642" status="PASS">
          <reporter-output>
          </reporter-output>
        </test-method> <!-- setup -->
        <test-method signature="thirdTest()[pri:0, instance:comtest.SeleniumTest@6283d8b8]" started-at="2024-01-29T19:34:05 SAST" name="thirdTest" finished-at="2024-01-29T19:34:05 SAST" duration-ms="0" status="PASS">
          <reporter-output>
          </reporter-output>
        </test-method> <!-- thirdTest -->
        <test-method is-config="true" signature="tearDown()[pri:0, instance:comtest.SeleniumTest@6283d8b8]" started-at="2024-01-29T19:34:05 SAST" name="tearDown" finished-at="2024-01-29T19:34:06 SAST" duration-ms="491" status="PASS">
          <reporter-output>
          </reporter-output>
        </test-method> <!-- tearDown -->
      </class> <!-- comtest.SeleniumTest -->
    </test> <!-- Default test -->
  </suite> <!-- Default suite -->
</testng-results>
