<?xml version="1.0" encoding="UTF-8"?>
<!-- Generated by org.testng.reporters.JUnitXMLReporter -->
<testsuite ignored="0" hostname="K_MULAUDZI" failures="0" tests="3" name="Default test" time="56.604" errors="0" timestamp="2024-01-29T19:34:06 SAST">
  <testcase classname="comtest.SeleniumTest" name="firstTest" time="0.004"/>
  <testcase classname="comtest.SeleniumTest" name="secondTest" time="0.002"/>
  <testcase classname="comtest.SeleniumTest" name="thirdTest" time="0.0"/>
</testsuite> <!-- Default test -->
